Analysis & Synthesis report for top_PF
Tue Dec 02 17:53:18 2025
Quartus II 64-Bit Version 13.1.0 Build 162 10/23/2013 SJ Web Edition


---------------------
; Table of Contents ;
---------------------
  1. Legal Notice
  2. Analysis & Synthesis Summary
  3. Analysis & Synthesis Settings
  4. Parallel Compilation
  5. Analysis & Synthesis Source Files Read
  6. Analysis & Synthesis Resource Usage Summary
  7. Analysis & Synthesis Resource Utilization by Entity
  8. Analysis & Synthesis RAM Summary
  9. Registers Removed During Synthesis
 10. General Register Statistics
 11. Registers Added for RAM Pass-Through Logic
 12. Multiplexer Restructuring Statistics (Restructuring Performed)
 13. Source assignments for memory_system:u_mem|ram_PF:u_ram|altsyncram:RW_rtl_0|altsyncram_8bi1:auto_generated
 14. Parameter Settings for Inferred Entity Instance: memory_system:u_mem|ram_PF:u_ram|altsyncram:RW_rtl_0
 15. altsyncram Parameter Settings by Entity Instance
 16. Port Connectivity Checks: "memory_system:u_mem"
 17. Elapsed Time Per Partition
 18. Analysis & Synthesis Messages



----------------
; Legal Notice ;
----------------
Copyright (C) 1991-2013 Altera Corporation
Your use of Altera Corporation's design tools, logic functions 
and other software and tools, and its AMPP partner logic 
functions, and any output files from any of the foregoing 
(including device programming or simulation files), and any 
associated documentation or information are expressly subject 
to the terms and conditions of the Altera Program License 
Subscription Agreement, Altera MegaCore Function License 
Agreement, or other applicable license agreement, including, 
without limitation, that your use is for the sole purpose of 
programming logic devices manufactured by Altera and sold by 
Altera or its authorized distributors.  Please refer to the 
applicable agreement for further details.



+---------------------------------------------------------------------------------+
; Analysis & Synthesis Summary                                                    ;
+------------------------------------+--------------------------------------------+
; Analysis & Synthesis Status        ; Successful - Tue Dec 02 17:53:18 2025      ;
; Quartus II 64-Bit Version          ; 13.1.0 Build 162 10/23/2013 SJ Web Edition ;
; Revision Name                      ; top_PF                                     ;
; Top-level Entity Name              ; top_PF                                     ;
; Family                             ; Cyclone III                                ;
; Total logic elements               ; 103                                        ;
;     Total combinational functions  ; 63                                         ;
;     Dedicated logic registers      ; 56                                         ;
; Total registers                    ; 56                                         ;
; Total pins                         ; 40                                         ;
; Total virtual pins                 ; 0                                          ;
; Total memory bits                  ; 2,048                                      ;
; Embedded Multiplier 9-bit elements ; 0                                          ;
; Total PLLs                         ; 0                                          ;
+------------------------------------+--------------------------------------------+


+----------------------------------------------------------------------------------------------------------------------+
; Analysis & Synthesis Settings                                                                                        ;
+----------------------------------------------------------------------------+--------------------+--------------------+
; Option                                                                     ; Setting            ; Default Value      ;
+----------------------------------------------------------------------------+--------------------+--------------------+
; Device                                                                     ; EP3C16F484C6       ;                    ;
; Top-level entity name                                                      ; top_PF             ; top_PF             ;
; Family name                                                                ; Cyclone III        ; Cyclone IV GX      ;
; Use smart compilation                                                      ; Off                ; Off                ;
; Enable parallel Assembler and TimeQuest Timing Analyzer during compilation ; On                 ; On                 ;
; Enable compact report table                                                ; Off                ; Off                ;
; Restructure Multiplexers                                                   ; Auto               ; Auto               ;
; Create Debugging Nodes for IP Cores                                        ; Off                ; Off                ;
; Preserve fewer node names                                                  ; On                 ; On                 ;
; Disable OpenCore Plus hardware evaluation                                  ; Off                ; Off                ;
; Verilog Version                                                            ; Verilog_2001       ; Verilog_2001       ;
; VHDL Version                                                               ; VHDL_1993          ; VHDL_1993          ;
; State Machine Processing                                                   ; Auto               ; Auto               ;
; Safe State Machine                                                         ; Off                ; Off                ;
; Extract Verilog State Machines                                             ; On                 ; On                 ;
; Extract VHDL State Machines                                                ; On                 ; On                 ;
; Ignore Verilog initial constructs                                          ; Off                ; Off                ;
; Iteration limit for constant Verilog loops                                 ; 5000               ; 5000               ;
; Iteration limit for non-constant Verilog loops                             ; 250                ; 250                ;
; Add Pass-Through Logic to Inferred RAMs                                    ; On                 ; On                 ;
; Infer RAMs from Raw Logic                                                  ; On                 ; On                 ;
; Parallel Synthesis                                                         ; On                 ; On                 ;
; DSP Block Balancing                                                        ; Auto               ; Auto               ;
; NOT Gate Push-Back                                                         ; On                 ; On                 ;
; Power-Up Don't Care                                                        ; On                 ; On                 ;
; Remove Redundant Logic Cells                                               ; Off                ; Off                ;
; Remove Duplicate Registers                                                 ; On                 ; On                 ;
; Ignore CARRY Buffers                                                       ; Off                ; Off                ;
; Ignore CASCADE Buffers                                                     ; Off                ; Off                ;
; Ignore GLOBAL Buffers                                                      ; Off                ; Off                ;
; Ignore ROW GLOBAL Buffers                                                  ; Off                ; Off                ;
; Ignore LCELL Buffers                                                       ; Off                ; Off                ;
; Ignore SOFT Buffers                                                        ; On                 ; On                 ;
; Limit AHDL Integers to 32 Bits                                             ; Off                ; Off                ;
; Optimization Technique                                                     ; Balanced           ; Balanced           ;
; Carry Chain Length                                                         ; 70                 ; 70                 ;
; Auto Carry Chains                                                          ; On                 ; On                 ;
; Auto Open-Drain Pins                                                       ; On                 ; On                 ;
; Perform WYSIWYG Primitive Resynthesis                                      ; Off                ; Off                ;
; Auto ROM Replacement                                                       ; On                 ; On                 ;
; Auto RAM Replacement                                                       ; On                 ; On                 ;
; Auto DSP Block Replacement                                                 ; On                 ; On                 ;
; Auto Shift Register Replacement                                            ; Auto               ; Auto               ;
; Allow Shift Register Merging across Hierarchies                            ; Auto               ; Auto               ;
; Auto Clock Enable Replacement                                              ; On                 ; On                 ;
; Strict RAM Replacement                                                     ; Off                ; Off                ;
; Allow Synchronous Control Signals                                          ; On                 ; On                 ;
; Force Use of Synchronous Clear Signals                                     ; Off                ; Off                ;
; Auto RAM Block Balancing                                                   ; On                 ; On                 ;
; Auto RAM to Logic Cell Conversion                                          ; Off                ; Off                ;
; Auto Resource Sharing                                                      ; Off                ; Off                ;
; Allow Any RAM Size For Recognition                                         ; Off                ; Off                ;
; Allow Any ROM Size For Recognition                                         ; Off                ; Off                ;
; Allow Any Shift Register Size For Recognition                              ; Off                ; Off                ;
; Use LogicLock Constraints during Resource Balancing                        ; On                 ; On                 ;
; Ignore translate_off and synthesis_off directives                          ; Off                ; Off                ;
; Timing-Driven Synthesis                                                    ; On                 ; On                 ;
; Report Parameter Settings                                                  ; On                 ; On                 ;
; Report Source Assignments                                                  ; On                 ; On                 ;
; Report Connectivity Checks                                                 ; On                 ; On                 ;
; Ignore Maximum Fan-Out Assignments                                         ; Off                ; Off                ;
; Synchronization Register Chain Length                                      ; 2                  ; 2                  ;
; PowerPlay Power Optimization                                               ; Normal compilation ; Normal compilation ;
; HDL message level                                                          ; Level2             ; Level2             ;
; Suppress Register Optimization Related Messages                            ; Off                ; Off                ;
; Number of Removed Registers Reported in Synthesis Report                   ; 5000               ; 5000               ;
; Number of Swept Nodes Reported in Synthesis Report                         ; 5000               ; 5000               ;
; Number of Inverted Registers Reported in Synthesis Report                  ; 100                ; 100                ;
; Clock MUX Protection                                                       ; On                 ; On                 ;
; Auto Gated Clock Conversion                                                ; Off                ; Off                ;
; Block Design Naming                                                        ; Auto               ; Auto               ;
; SDC constraint protection                                                  ; Off                ; Off                ;
; Synthesis Effort                                                           ; Auto               ; Auto               ;
; Shift Register Replacement - Allow Asynchronous Clear Signal               ; On                 ; On                 ;
; Pre-Mapping Resynthesis Optimization                                       ; Off                ; Off                ;
; Analysis & Synthesis Message Level                                         ; Medium             ; Medium             ;
; Disable Register Merging Across Hierarchies                                ; Auto               ; Auto               ;
; Resource Aware Inference For Block RAM                                     ; On                 ; On                 ;
; Synthesis Seed                                                             ; 1                  ; 1                  ;
+----------------------------------------------------------------------------+--------------------+--------------------+


+------------------------------------------+
; Parallel Compilation                     ;
+----------------------------+-------------+
; Processors                 ; Number      ;
+----------------------------+-------------+
; Number detected on machine ; 12          ;
; Maximum allowed            ; 8           ;
;                            ;             ;
; Average used               ; 1.00        ;
; Maximum used               ; 1           ;
;                            ;             ;
; Usage by Processor         ; % Time Used ;
;     Processor 1            ; 100.0%      ;
;     Processors 2-12        ;   0.0%      ;
+----------------------------+-------------+


+--------------------------------------------------------------------------------------------------------------------------------------------------------------------+
; Analysis & Synthesis Source Files Read                                                                                                                             ;
+----------------------------------+-----------------+------------------------------+----------------------------------------------------------------------+---------+
; File Name with User-Entered Path ; Used in Netlist ; File Type                    ; File Name with Absolute Path                                         ; Library ;
+----------------------------------+-----------------+------------------------------+----------------------------------------------------------------------+---------+
; top_PF.vhd                       ; yes             ; User VHDL File               ; C:/altera/13.1/VHDL/top_PF/top_PF.vhd                                ;         ;
; rom_PF.vhd                       ; yes             ; User VHDL File               ; C:/altera/13.1/VHDL/top_PF/rom_PF.vhd                                ;         ;
; ram_PF.vhd                       ; yes             ; User VHDL File               ; C:/altera/13.1/VHDL/top_PF/ram_PF.vhd                                ;         ;
; OP16.vhd                         ; yes             ; User VHDL File               ; C:/altera/13.1/VHDL/top_PF/OP16.vhd                                  ;         ;
; memory_system.vhd                ; yes             ; User VHDL File               ; C:/altera/13.1/VHDL/top_PF/memory_system.vhd                         ;         ;
; hex_display.vhd                  ; yes             ; User VHDL File               ; C:/altera/13.1/VHDL/top_PF/hex_display.vhd                           ;         ;
; altsyncram.tdf                   ; yes             ; Megafunction                 ; c:/altera/13.1/quartus/libraries/megafunctions/altsyncram.tdf        ;         ;
; stratix_ram_block.inc            ; yes             ; Megafunction                 ; c:/altera/13.1/quartus/libraries/megafunctions/stratix_ram_block.inc ;         ;
; lpm_mux.inc                      ; yes             ; Megafunction                 ; c:/altera/13.1/quartus/libraries/megafunctions/lpm_mux.inc           ;         ;
; lpm_decode.inc                   ; yes             ; Megafunction                 ; c:/altera/13.1/quartus/libraries/megafunctions/lpm_decode.inc        ;         ;
; aglobal131.inc                   ; yes             ; Megafunction                 ; c:/altera/13.1/quartus/libraries/megafunctions/aglobal131.inc        ;         ;
; a_rdenreg.inc                    ; yes             ; Megafunction                 ; c:/altera/13.1/quartus/libraries/megafunctions/a_rdenreg.inc         ;         ;
; altrom.inc                       ; yes             ; Megafunction                 ; c:/altera/13.1/quartus/libraries/megafunctions/altrom.inc            ;         ;
; altram.inc                       ; yes             ; Megafunction                 ; c:/altera/13.1/quartus/libraries/megafunctions/altram.inc            ;         ;
; altdpram.inc                     ; yes             ; Megafunction                 ; c:/altera/13.1/quartus/libraries/megafunctions/altdpram.inc          ;         ;
; db/altsyncram_8bi1.tdf           ; yes             ; Auto-Generated Megafunction  ; C:/altera/13.1/VHDL/top_PF/db/altsyncram_8bi1.tdf                    ;         ;
+----------------------------------+-----------------+------------------------------+----------------------------------------------------------------------+---------+


+---------------------------------------------------------+
; Analysis & Synthesis Resource Usage Summary             ;
+---------------------------------------------+-----------+
; Resource                                    ; Usage     ;
+---------------------------------------------+-----------+
; Estimated Total logic elements              ; 103       ;
;                                             ;           ;
; Total combinational functions               ; 63        ;
; Logic element usage by number of LUT inputs ;           ;
;     -- 4 input functions                    ; 59        ;
;     -- 3 input functions                    ; 2         ;
;     -- <=2 input functions                  ; 2         ;
;                                             ;           ;
; Logic elements by mode                      ;           ;
;     -- normal mode                          ; 63        ;
;     -- arithmetic mode                      ; 0         ;
;                                             ;           ;
; Total registers                             ; 56        ;
;     -- Dedicated logic registers            ; 56        ;
;     -- I/O registers                        ; 0         ;
;                                             ;           ;
; I/O pins                                    ; 40        ;
; Total memory bits                           ; 2048      ;
; Embedded Multiplier 9-bit elements          ; 0         ;
; Maximum fan-out node                        ; clk~input ;
; Maximum fan-out                             ; 64        ;
; Total fan-out                               ; 624       ;
; Average fan-out                             ; 3.01      ;
+---------------------------------------------+-----------+


+-----------------------------------------------------------------------------------------------------------------------------------------------------------------------------------------------------------------------------------------------------------------------+
; Analysis & Synthesis Resource Utilization by Entity                                                                                                                                                                                                                   ;
+----------------------------------------------+-------------------+--------------+-------------+--------------+---------+-----------+------+--------------+---------------------------------------------------------------------------------------------+--------------+
; Compilation Hierarchy Node                   ; LC Combinationals ; LC Registers ; Memory Bits ; DSP Elements ; DSP 9x9 ; DSP 18x18 ; Pins ; Virtual Pins ; Full Hierarchy Name                                                                         ; Library Name ;
+----------------------------------------------+-------------------+--------------+-------------+--------------+---------+-----------+------+--------------+---------------------------------------------------------------------------------------------+--------------+
; |top_PF                                      ; 63 (1)            ; 56 (16)      ; 2048        ; 0            ; 0       ; 0         ; 40   ; 0            ; |top_PF                                                                                     ; work         ;
;    |hex_display:u_dsp|                       ; 28 (28)           ; 0 (0)        ; 0           ; 0            ; 0       ; 0         ; 0    ; 0            ; |top_PF|hex_display:u_dsp                                                                   ; work         ;
;    |memory_system:u_mem|                     ; 34 (9)            ; 40 (0)       ; 2048        ; 0            ; 0       ; 0         ; 0    ; 0            ; |top_PF|memory_system:u_mem                                                                 ; work         ;
;       |ram_PF:u_ram|                         ; 15 (15)           ; 33 (33)      ; 2048        ; 0            ; 0       ; 0         ; 0    ; 0            ; |top_PF|memory_system:u_mem|ram_PF:u_ram                                                    ; work         ;
;          |altsyncram:RW_rtl_0|               ; 0 (0)             ; 0 (0)        ; 2048        ; 0            ; 0       ; 0         ; 0    ; 0            ; |top_PF|memory_system:u_mem|ram_PF:u_ram|altsyncram:RW_rtl_0                                ; work         ;
;             |altsyncram_8bi1:auto_generated| ; 0 (0)             ; 0 (0)        ; 2048        ; 0            ; 0       ; 0         ; 0    ; 0            ; |top_PF|memory_system:u_mem|ram_PF:u_ram|altsyncram:RW_rtl_0|altsyncram_8bi1:auto_generated ; work         ;
;       |rom_PF:u_rom|                         ; 10 (10)           ; 7 (7)        ; 0           ; 0            ; 0       ; 0         ; 0    ; 0            ; |top_PF|memory_system:u_mem|rom_PF:u_rom                                                    ; work         ;
+----------------------------------------------+-------------------+--------------+-------------+--------------+---------+-----------+------+--------------+---------------------------------------------------------------------------------------------+--------------+
Note: For table entries with two numbers listed, the numbers in parentheses indicate the number of resources of the given type used by the specific entity alone. The numbers listed outside of parentheses indicate the total resources of the given type used by the specific entity and all of its sub-entities in the hierarchy.


+----------------------------------------------------------------------------------------------------------------------------------------------------------------------------------------------------+
; Analysis & Synthesis RAM Summary                                                                                                                                                                   ;
+------------------------------------------------------------------------------------------------+------+------------------+--------------+--------------+--------------+--------------+------+------+
; Name                                                                                           ; Type ; Mode             ; Port A Depth ; Port A Width ; Port B Depth ; Port B Width ; Size ; MIF  ;
+------------------------------------------------------------------------------------------------+------+------------------+--------------+--------------+--------------+--------------+------+------+
; memory_system:u_mem|ram_PF:u_ram|altsyncram:RW_rtl_0|altsyncram_8bi1:auto_generated|ALTSYNCRAM ; AUTO ; Simple Dual Port ; 256          ; 8            ; 256          ; 8            ; 2048 ; None ;
+------------------------------------------------------------------------------------------------+------+------------------+--------------+--------------+--------------+--------------+------+------+


+---------------------------------------------------------------------------------------+
; Registers Removed During Synthesis                                                    ;
+----------------------------------------------+----------------------------------------+
; Register name                                ; Reason for Removal                     ;
+----------------------------------------------+----------------------------------------+
; memory_system:u_mem|rom_PF:u_rom|data_out[0] ; Stuck at GND due to stuck port data_in ;
; Total Number of Removed Registers = 1        ;                                        ;
+----------------------------------------------+----------------------------------------+


+------------------------------------------------------+
; General Register Statistics                          ;
+----------------------------------------------+-------+
; Statistic                                    ; Value ;
+----------------------------------------------+-------+
; Total registers                              ; 56    ;
; Number of registers using Synchronous Clear  ; 0     ;
; Number of registers using Synchronous Load   ; 0     ;
; Number of registers using Asynchronous Clear ; 0     ;
; Number of registers using Asynchronous Load  ; 0     ;
; Number of registers using Clock Enable       ; 39    ;
; Number of registers using Preset             ; 0     ;
+----------------------------------------------+-------+


+--------------------------------------------------------------------------------------------------+
; Registers Added for RAM Pass-Through Logic                                                       ;
+------------------------------------------------------+-------------------------------------------+
; Register Name                                        ; RAM Name                                  ;
+------------------------------------------------------+-------------------------------------------+
; memory_system:u_mem|ram_PF:u_ram|RW_rtl_0_bypass[0]  ; memory_system:u_mem|ram_PF:u_ram|RW_rtl_0 ;
; memory_system:u_mem|ram_PF:u_ram|RW_rtl_0_bypass[1]  ; memory_system:u_mem|ram_PF:u_ram|RW_rtl_0 ;
; memory_system:u_mem|ram_PF:u_ram|RW_rtl_0_bypass[2]  ; memory_system:u_mem|ram_PF:u_ram|RW_rtl_0 ;
; memory_system:u_mem|ram_PF:u_ram|RW_rtl_0_bypass[3]  ; memory_system:u_mem|ram_PF:u_ram|RW_rtl_0 ;
; memory_system:u_mem|ram_PF:u_ram|RW_rtl_0_bypass[4]  ; memory_system:u_mem|ram_PF:u_ram|RW_rtl_0 ;
; memory_system:u_mem|ram_PF:u_ram|RW_rtl_0_bypass[5]  ; memory_system:u_mem|ram_PF:u_ram|RW_rtl_0 ;
; memory_system:u_mem|ram_PF:u_ram|RW_rtl_0_bypass[6]  ; memory_system:u_mem|ram_PF:u_ram|RW_rtl_0 ;
; memory_system:u_mem|ram_PF:u_ram|RW_rtl_0_bypass[7]  ; memory_system:u_mem|ram_PF:u_ram|RW_rtl_0 ;
; memory_system:u_mem|ram_PF:u_ram|RW_rtl_0_bypass[8]  ; memory_system:u_mem|ram_PF:u_ram|RW_rtl_0 ;
; memory_system:u_mem|ram_PF:u_ram|RW_rtl_0_bypass[9]  ; memory_system:u_mem|ram_PF:u_ram|RW_rtl_0 ;
; memory_system:u_mem|ram_PF:u_ram|RW_rtl_0_bypass[10] ; memory_system:u_mem|ram_PF:u_ram|RW_rtl_0 ;
; memory_system:u_mem|ram_PF:u_ram|RW_rtl_0_bypass[11] ; memory_system:u_mem|ram_PF:u_ram|RW_rtl_0 ;
; memory_system:u_mem|ram_PF:u_ram|RW_rtl_0_bypass[12] ; memory_system:u_mem|ram_PF:u_ram|RW_rtl_0 ;
; memory_system:u_mem|ram_PF:u_ram|RW_rtl_0_bypass[13] ; memory_system:u_mem|ram_PF:u_ram|RW_rtl_0 ;
; memory_system:u_mem|ram_PF:u_ram|RW_rtl_0_bypass[14] ; memory_system:u_mem|ram_PF:u_ram|RW_rtl_0 ;
; memory_system:u_mem|ram_PF:u_ram|RW_rtl_0_bypass[15] ; memory_system:u_mem|ram_PF:u_ram|RW_rtl_0 ;
; memory_system:u_mem|ram_PF:u_ram|RW_rtl_0_bypass[16] ; memory_system:u_mem|ram_PF:u_ram|RW_rtl_0 ;
; memory_system:u_mem|ram_PF:u_ram|RW_rtl_0_bypass[17] ; memory_system:u_mem|ram_PF:u_ram|RW_rtl_0 ;
; memory_system:u_mem|ram_PF:u_ram|RW_rtl_0_bypass[18] ; memory_system:u_mem|ram_PF:u_ram|RW_rtl_0 ;
; memory_system:u_mem|ram_PF:u_ram|RW_rtl_0_bypass[19] ; memory_system:u_mem|ram_PF:u_ram|RW_rtl_0 ;
; memory_system:u_mem|ram_PF:u_ram|RW_rtl_0_bypass[20] ; memory_system:u_mem|ram_PF:u_ram|RW_rtl_0 ;
; memory_system:u_mem|ram_PF:u_ram|RW_rtl_0_bypass[21] ; memory_system:u_mem|ram_PF:u_ram|RW_rtl_0 ;
; memory_system:u_mem|ram_PF:u_ram|RW_rtl_0_bypass[22] ; memory_system:u_mem|ram_PF:u_ram|RW_rtl_0 ;
; memory_system:u_mem|ram_PF:u_ram|RW_rtl_0_bypass[23] ; memory_system:u_mem|ram_PF:u_ram|RW_rtl_0 ;
; memory_system:u_mem|ram_PF:u_ram|RW_rtl_0_bypass[24] ; memory_system:u_mem|ram_PF:u_ram|RW_rtl_0 ;
+------------------------------------------------------+-------------------------------------------+


+-------------------------------------------------------------------------------------------------------------------------------------------------------+
; Multiplexer Restructuring Statistics (Restructuring Performed)                                                                                        ;
+--------------------+-----------+---------------+----------------------+------------------------+------------+-----------------------------------------+
; Multiplexer Inputs ; Bus Width ; Baseline Area ; Area if Restructured ; Saving if Restructured ; Registered ; Example Multiplexer Output              ;
+--------------------+-----------+---------------+----------------------+------------------------+------------+-----------------------------------------+
; 3:1                ; 7 bits    ; 14 LEs        ; 14 LEs               ; 0 LEs                  ; No         ; |top_PF|memory_system:u_mem|data_out[7] ;
+--------------------+-----------+---------------+----------------------+------------------------+------------+-----------------------------------------+


+------------------------------------------------------------------------------------------------------------+
; Source assignments for memory_system:u_mem|ram_PF:u_ram|altsyncram:RW_rtl_0|altsyncram_8bi1:auto_generated ;
+---------------------------------+--------------------+------+----------------------------------------------+
; Assignment                      ; Value              ; From ; To                                           ;
+---------------------------------+--------------------+------+----------------------------------------------+
; OPTIMIZE_POWER_DURING_SYNTHESIS ; NORMAL_COMPILATION ; -    ; -                                            ;
+---------------------------------+--------------------+------+----------------------------------------------+


+-------------------------------------------------------------------------------------------------------+
; Parameter Settings for Inferred Entity Instance: memory_system:u_mem|ram_PF:u_ram|altsyncram:RW_rtl_0 ;
+------------------------------------+----------------------+-------------------------------------------+
; Parameter Name                     ; Value                ; Type                                      ;
+------------------------------------+----------------------+-------------------------------------------+
; BYTE_SIZE_BLOCK                    ; 8                    ; Untyped                                   ;
; AUTO_CARRY_CHAINS                  ; ON                   ; AUTO_CARRY                                ;
; IGNORE_CARRY_BUFFERS               ; OFF                  ; IGNORE_CARRY                              ;
; AUTO_CASCADE_CHAINS                ; ON                   ; AUTO_CASCADE                              ;
; IGNORE_CASCADE_BUFFERS             ; OFF                  ; IGNORE_CASCADE                            ;
; WIDTH_BYTEENA                      ; 1                    ; Untyped                                   ;
; OPERATION_MODE                     ; DUAL_PORT            ; Untyped                                   ;
; WIDTH_A                            ; 8                    ; Untyped                                   ;
; WIDTHAD_A                          ; 8                    ; Untyped                                   ;
; NUMWORDS_A                         ; 256                  ; Untyped                                   ;
; OUTDATA_REG_A                      ; UNREGISTERED         ; Untyped                                   ;
; ADDRESS_ACLR_A                     ; NONE                 ; Untyped                                   ;
; OUTDATA_ACLR_A                     ; NONE                 ; Untyped                                   ;
; WRCONTROL_ACLR_A                   ; NONE                 ; Untyped                                   ;
; INDATA_ACLR_A                      ; NONE                 ; Untyped                                   ;
; BYTEENA_ACLR_A                     ; NONE                 ; Untyped                                   ;
; WIDTH_B                            ; 8                    ; Untyped                                   ;
; WIDTHAD_B                          ; 8                    ; Untyped                                   ;
; NUMWORDS_B                         ; 256                  ; Untyped                                   ;
; INDATA_REG_B                       ; CLOCK1               ; Untyped                                   ;
; WRCONTROL_WRADDRESS_REG_B          ; CLOCK1               ; Untyped                                   ;
; RDCONTROL_REG_B                    ; CLOCK1               ; Untyped                                   ;
; ADDRESS_REG_B                      ; CLOCK0               ; Untyped                                   ;
; OUTDATA_REG_B                      ; UNREGISTERED         ; Untyped                                   ;
; BYTEENA_REG_B                      ; CLOCK1               ; Untyped                                   ;
; INDATA_ACLR_B                      ; NONE                 ; Untyped                                   ;
; WRCONTROL_ACLR_B                   ; NONE                 ; Untyped                                   ;
; ADDRESS_ACLR_B                     ; NONE                 ; Untyped                                   ;
; OUTDATA_ACLR_B                     ; NONE                 ; Untyped                                   ;
; RDCONTROL_ACLR_B                   ; NONE                 ; Untyped                                   ;
; BYTEENA_ACLR_B                     ; NONE                 ; Untyped                                   ;
; WIDTH_BYTEENA_A                    ; 1                    ; Untyped                                   ;
; WIDTH_BYTEENA_B                    ; 1                    ; Untyped                                   ;
; RAM_BLOCK_TYPE                     ; AUTO                 ; Untyped                                   ;
; BYTE_SIZE                          ; 8                    ; Untyped                                   ;
; READ_DURING_WRITE_MODE_MIXED_PORTS ; OLD_DATA             ; Untyped                                   ;
; READ_DURING_WRITE_MODE_PORT_A      ; NEW_DATA_NO_NBE_READ ; Untyped                                   ;
; READ_DURING_WRITE_MODE_PORT_B      ; NEW_DATA_NO_NBE_READ ; Untyped                                   ;
; INIT_FILE                          ; UNUSED               ; Untyped                                   ;
; INIT_FILE_LAYOUT                   ; PORT_A               ; Untyped                                   ;
; MAXIMUM_DEPTH                      ; 0                    ; Untyped                                   ;
; CLOCK_ENABLE_INPUT_A               ; NORMAL               ; Untyped                                   ;
; CLOCK_ENABLE_INPUT_B               ; NORMAL               ; Untyped                                   ;
; CLOCK_ENABLE_OUTPUT_A              ; NORMAL               ; Untyped                                   ;
; CLOCK_ENABLE_OUTPUT_B              ; NORMAL               ; Untyped                                   ;
; CLOCK_ENABLE_CORE_A                ; USE_INPUT_CLKEN      ; Untyped                                   ;
; CLOCK_ENABLE_CORE_B                ; USE_INPUT_CLKEN      ; Untyped                                   ;
; ENABLE_ECC                         ; FALSE                ; Untyped                                   ;
; ECC_PIPELINE_STAGE_ENABLED         ; FALSE                ; Untyped                                   ;
; WIDTH_ECCSTATUS                    ; 3                    ; Untyped                                   ;
; DEVICE_FAMILY                      ; Cyclone III          ; Untyped                                   ;
; CBXI_PARAMETER                     ; altsyncram_8bi1      ; Untyped                                   ;
+------------------------------------+----------------------+-------------------------------------------+
Note: In order to hide this table in the UI and the text report file, please set the "Show Parameter Settings in Synthesis Report" option in "Analysis and Synthesis Settings -> More Settings" to "Off".


+--------------------------------------------------------------------------------------------------+
; altsyncram Parameter Settings by Entity Instance                                                 ;
+-------------------------------------------+------------------------------------------------------+
; Name                                      ; Value                                                ;
+-------------------------------------------+------------------------------------------------------+
; Number of entity instances                ; 1                                                    ;
; Entity Instance                           ; memory_system:u_mem|ram_PF:u_ram|altsyncram:RW_rtl_0 ;
;     -- OPERATION_MODE                     ; DUAL_PORT                                            ;
;     -- WIDTH_A                            ; 8                                                    ;
;     -- NUMWORDS_A                         ; 256                                                  ;
;     -- OUTDATA_REG_A                      ; UNREGISTERED                                         ;
;     -- WIDTH_B                            ; 8                                                    ;
;     -- NUMWORDS_B                         ; 256                                                  ;
;     -- ADDRESS_REG_B                      ; CLOCK0                                               ;
;     -- OUTDATA_REG_B                      ; UNREGISTERED                                         ;
;     -- RAM_BLOCK_TYPE                     ; AUTO                                                 ;
;     -- READ_DURING_WRITE_MODE_MIXED_PORTS ; OLD_DATA                                             ;
+-------------------------------------------+------------------------------------------------------+


+-----------------------------------------------------------------------------------------------------------------------+
; Port Connectivity Checks: "memory_system:u_mem"                                                                       ;
+-------------+--------+----------+-------------------------------------------------------------------------------------+
; Port        ; Type   ; Severity ; Details                                                                             ;
+-------------+--------+----------+-------------------------------------------------------------------------------------+
; port_out_00 ; Output ; Info     ; Connected to dangling logic. Logic that only feeds a dangling port will be removed. ;
; port_out_01 ; Output ; Info     ; Connected to dangling logic. Logic that only feeds a dangling port will be removed. ;
; port_out_02 ; Output ; Info     ; Connected to dangling logic. Logic that only feeds a dangling port will be removed. ;
; port_out_03 ; Output ; Info     ; Connected to dangling logic. Logic that only feeds a dangling port will be removed. ;
; port_out_04 ; Output ; Info     ; Connected to dangling logic. Logic that only feeds a dangling port will be removed. ;
; port_out_05 ; Output ; Info     ; Connected to dangling logic. Logic that only feeds a dangling port will be removed. ;
; port_out_06 ; Output ; Info     ; Connected to dangling logic. Logic that only feeds a dangling port will be removed. ;
; port_out_07 ; Output ; Info     ; Connected to dangling logic. Logic that only feeds a dangling port will be removed. ;
; port_out_08 ; Output ; Info     ; Connected to dangling logic. Logic that only feeds a dangling port will be removed. ;
; port_out_09 ; Output ; Info     ; Connected to dangling logic. Logic that only feeds a dangling port will be removed. ;
; port_out_0a ; Output ; Info     ; Connected to dangling logic. Logic that only feeds a dangling port will be removed. ;
; port_out_0b ; Output ; Info     ; Connected to dangling logic. Logic that only feeds a dangling port will be removed. ;
; port_out_0c ; Output ; Info     ; Connected to dangling logic. Logic that only feeds a dangling port will be removed. ;
; port_out_0d ; Output ; Info     ; Connected to dangling logic. Logic that only feeds a dangling port will be removed. ;
; port_out_0e ; Output ; Info     ; Connected to dangling logic. Logic that only feeds a dangling port will be removed. ;
; port_out_0f ; Output ; Info     ; Connected to dangling logic. Logic that only feeds a dangling port will be removed. ;
+-------------+--------+----------+-------------------------------------------------------------------------------------+


+-------------------------------+
; Elapsed Time Per Partition    ;
+----------------+--------------+
; Partition Name ; Elapsed Time ;
+----------------+--------------+
; Top            ; 00:00:00     ;
+----------------+--------------+


+-------------------------------+
; Analysis & Synthesis Messages ;
+-------------------------------+
Info: *******************************************************************
Info: Running Quartus II 64-Bit Analysis & Synthesis
    Info: Version 13.1.0 Build 162 10/23/2013 SJ Web Edition
    Info: Processing started: Tue Dec 02 17:53:15 2025
Info: Command: quartus_map --read_settings_files=on --write_settings_files=off top_PF -c top_PF
Info (11104): Parallel Compilation has detected 12 hyper-threaded processors. However, the extra hyper-threaded processors will not be used by default. Parallel Compilation will use 8 of the 8 physical processors detected instead.
Info (12021): Found 2 design units, including 1 entities, in source file top_pf.vhd
    Info (12022): Found design unit 1: top_PF-arch_top
    Info (12023): Found entity 1: top_PF
Info (12021): Found 2 design units, including 1 entities, in source file rom_pf.vhd
    Info (12022): Found design unit 1: rom_PF-arch_rom_PF
    Info (12023): Found entity 1: rom_PF
Info (12021): Found 2 design units, including 1 entities, in source file ram_pf.vhd
    Info (12022): Found design unit 1: ram_PF-arch_ram_PF
    Info (12023): Found entity 1: ram_PF
Info (12021): Found 2 design units, including 1 entities, in source file op16.vhd
    Info (12022): Found design unit 1: OP16-arch_OP
    Info (12023): Found entity 1: OP16
Info (12021): Found 2 design units, including 1 entities, in source file memory_system.vhd
    Info (12022): Found design unit 1: memory_system-arch_mem
    Info (12023): Found entity 1: memory_system
Info (12021): Found 2 design units, including 1 entities, in source file hex_display.vhd
    Info (12022): Found design unit 1: hex_display-arch
    Info (12023): Found entity 1: hex_display
Info (12127): Elaborating entity "top_PF" for the top level hierarchy
Warning (10036): Verilog HDL or VHDL warning at top_PF.vhd(25): object "port_out_00" assigned a value but never read
Warning (10036): Verilog HDL or VHDL warning at top_PF.vhd(26): object "port_out_01" assigned a value but never read
Warning (10036): Verilog HDL or VHDL warning at top_PF.vhd(27): object "port_out_02" assigned a value but never read
Warning (10036): Verilog HDL or VHDL warning at top_PF.vhd(28): object "port_out_03" assigned a value but never read
Warning (10036): Verilog HDL or VHDL warning at top_PF.vhd(29): object "port_out_04" assigned a value but never read
Warning (10036): Verilog HDL or VHDL warning at top_PF.vhd(30): object "port_out_05" assigned a value but never read
Warning (10036): Verilog HDL or VHDL warning at top_PF.vhd(31): object "port_out_06" assigned a value but never read
Warning (10036): Verilog HDL or VHDL warning at top_PF.vhd(32): object "port_out_07" assigned a value but never read
Warning (10036): Verilog HDL or VHDL warning at top_PF.vhd(33): object "port_out_08" assigned a value but never read
Warning (10036): Verilog HDL or VHDL warning at top_PF.vhd(34): object "port_out_09" assigned a value but never read
Warning (10036): Verilog HDL or VHDL warning at top_PF.vhd(35): object "port_out_0A" assigned a value but never read
Warning (10036): Verilog HDL or VHDL warning at top_PF.vhd(36): object "port_out_0B" assigned a value but never read
Warning (10036): Verilog HDL or VHDL warning at top_PF.vhd(37): object "port_out_0C" assigned a value but never read
Warning (10036): Verilog HDL or VHDL warning at top_PF.vhd(38): object "port_out_0D" assigned a value but never read
Warning (10036): Verilog HDL or VHDL warning at top_PF.vhd(39): object "port_out_0E" assigned a value but never read
Warning (10036): Verilog HDL or VHDL warning at top_PF.vhd(40): object "port_out_0F" assigned a value but never read
Info (12128): Elaborating entity "memory_system" for hierarchy "memory_system:u_mem"
Warning (10540): VHDL Signal Declaration warning at memory_system.vhd(38): used explicit default value for signal "port_in_00" because signal was never assigned a value
Warning (10540): VHDL Signal Declaration warning at memory_system.vhd(39): used explicit default value for signal "port_in_01" because signal was never assigned a value
Warning (10540): VHDL Signal Declaration warning at memory_system.vhd(40): used explicit default value for signal "port_in_02" because signal was never assigned a value
Warning (10540): VHDL Signal Declaration warning at memory_system.vhd(41): used explicit default value for signal "port_in_03" because signal was never assigned a value
Warning (10540): VHDL Signal Declaration warning at memory_system.vhd(42): used explicit default value for signal "port_in_04" because signal was never assigned a value
Warning (10540): VHDL Signal Declaration warning at memory_system.vhd(43): used explicit default value for signal "port_in_05" because signal was never assigned a value
Warning (10540): VHDL Signal Declaration warning at memory_system.vhd(44): used explicit default value for signal "port_in_06" because signal was never assigned a value
Warning (10540): VHDL Signal Declaration warning at memory_system.vhd(45): used explicit default value for signal "port_in_07" because signal was never assigned a value
Warning (10540): VHDL Signal Declaration warning at memory_system.vhd(46): used explicit default value for signal "port_in_08" because signal was never assigned a value
Warning (10540): VHDL Signal Declaration warning at memory_system.vhd(47): used explicit default value for signal "port_in_09" because signal was never assigned a value
Warning (10540): VHDL Signal Declaration warning at memory_system.vhd(48): used explicit default value for signal "port_in_10" because signal was never assigned a value
Warning (10540): VHDL Signal Declaration warning at memory_system.vhd(49): used explicit default value for signal "port_in_11" because signal was never assigned a value
Warning (10540): VHDL Signal Declaration warning at memory_system.vhd(50): used explicit default value for signal "port_in_12" because signal was never assigned a value
Warning (10540): VHDL Signal Declaration warning at memory_system.vhd(51): used explicit default value for signal "port_in_13" because signal was never assigned a value
Warning (10540): VHDL Signal Declaration warning at memory_system.vhd(52): used explicit default value for signal "port_in_14" because signal was never assigned a value
Warning (10540): VHDL Signal Declaration warning at memory_system.vhd(53): used explicit default value for signal "port_in_15" because signal was never assigned a value
Info (12128): Elaborating entity "rom_PF" for hierarchy "memory_system:u_mem|rom_PF:u_rom"
Info (12128): Elaborating entity "ram_PF" for hierarchy "memory_system:u_mem|ram_PF:u_ram"
Info (12128): Elaborating entity "OP16" for hierarchy "memory_system:u_mem|OP16:u_op16"
Info (12128): Elaborating entity "hex_display" for hierarchy "hex_display:u_dsp"
Warning (276020): Inferred RAM node "memory_system:u_mem|ram_PF:u_ram|RW_rtl_0" from synchronous design logic.  Pass-through logic has been added to match the read-during-write behavior of the original design.
Info (19000): Inferred 1 megafunctions from design logic
    Info (276029): Inferred altsyncram megafunction from the following design logic: "memory_system:u_mem|ram_PF:u_ram|RW_rtl_0" 
        Info (286033): Parameter OPERATION_MODE set to DUAL_PORT
        Info (286033): Parameter WIDTH_A set to 8
        Info (286033): Parameter WIDTHAD_A set to 8
        Info (286033): Parameter NUMWORDS_A set to 256
        Info (286033): Parameter WIDTH_B set to 8
        Info (286033): Parameter WIDTHAD_B set to 8
        Info (286033): Parameter NUMWORDS_B set to 256
        Info (286033): Parameter ADDRESS_ACLR_A set to NONE
        Info (286033): Parameter OUTDATA_REG_B set to UNREGISTERED
        Info (286033): Parameter ADDRESS_ACLR_B set to NONE
        Info (286033): Parameter OUTDATA_ACLR_B set to NONE
        Info (286033): Parameter ADDRESS_REG_B set to CLOCK0
        Info (286033): Parameter INDATA_ACLR_A set to NONE
        Info (286033): Parameter WRCONTROL_ACLR_A set to NONE
        Info (286033): Parameter READ_DURING_WRITE_MODE_MIXED_PORTS set to OLD_DATA
Info (12130): Elaborated megafunction instantiation "memory_system:u_mem|ram_PF:u_ram|altsyncram:RW_rtl_0"
Info (12133): Instantiated megafunction "memory_system:u_mem|ram_PF:u_ram|altsyncram:RW_rtl_0" with the following parameter:
    Info (12134): Parameter "OPERATION_MODE" = "DUAL_PORT"
    Info (12134): Parameter "WIDTH_A" = "8"
    Info (12134): Parameter "WIDTHAD_A" = "8"
    Info (12134): Parameter "NUMWORDS_A" = "256"
    Info (12134): Parameter "WIDTH_B" = "8"
    Info (12134): Parameter "WIDTHAD_B" = "8"
    Info (12134): Parameter "NUMWORDS_B" = "256"
    Info (12134): Parameter "ADDRESS_ACLR_A" = "NONE"
    Info (12134): Parameter "OUTDATA_REG_B" = "UNREGISTERED"
    Info (12134): Parameter "ADDRESS_ACLR_B" = "NONE"
    Info (12134): Parameter "OUTDATA_ACLR_B" = "NONE"
    Info (12134): Parameter "ADDRESS_REG_B" = "CLOCK0"
    Info (12134): Parameter "INDATA_ACLR_A" = "NONE"
    Info (12134): Parameter "WRCONTROL_ACLR_A" = "NONE"
    Info (12134): Parameter "READ_DURING_WRITE_MODE_MIXED_PORTS" = "OLD_DATA"
Info (12021): Found 1 design units, including 1 entities, in source file db/altsyncram_8bi1.tdf
    Info (12023): Found entity 1: altsyncram_8bi1
Info (286030): Timing-Driven Synthesis is running
Info (16010): Generating hard_block partition "hard_block:auto_generated_inst"
    Info (16011): Adding 0 node(s), including 0 DDIO, 0 PLL, 0 transceiver and 0 LCELL
Warning (21074): Design contains 1 input pin(s) that do not drive logic
    Warning (15610): No output dependent on input pin "reset_n"
Info (21057): Implemented 152 device resources after synthesis - the final resource count might be different
    Info (21058): Implemented 12 input pins
    Info (21059): Implemented 28 output pins
    Info (21061): Implemented 104 logic cells
    Info (21064): Implemented 8 RAM segments
Info: Quartus II 64-Bit Analysis & Synthesis was successful. 0 errors, 35 warnings
    Info: Peak virtual memory: 4713 megabytes
    Info: Processing ended: Tue Dec 02 17:53:18 2025
    Info: Elapsed time: 00:00:03
    Info: Total CPU time (on all processors): 00:00:02


