Analysis & Synthesis report for ALU
Wed Dec 03 16:59:29 2025
Quartus II 64-Bit Version 13.1.0 Build 162 10/23/2013 SJ Web Edition


---------------------
; Table of Contents ;
---------------------
  1. Legal Notice
  2. Analysis & Synthesis Summary
  3. Analysis & Synthesis Settings
  4. Parallel Compilation
  5. Analysis & Synthesis Source Files Read
  6. Analysis & Synthesis Resource Usage Summary
  7. Analysis & Synthesis Resource Utilization by Entity
  8. General Register Statistics
  9. Parameter Settings for Inferred Entity Instance: bin8_to_bcd:U_A_BCD|lpm_divide:Div0
 10. Parameter Settings for Inferred Entity Instance: bin8_to_bcd:U_A_BCD|lpm_divide:Mod0
 11. Parameter Settings for Inferred Entity Instance: bin8_to_bcd:U_B_BCD|lpm_divide:Div0
 12. Parameter Settings for Inferred Entity Instance: bin8_to_bcd:U_R_BCD|lpm_divide:Div0
 13. Parameter Settings for Inferred Entity Instance: bin8_to_bcd:U_B_BCD|lpm_divide:Mod0
 14. Parameter Settings for Inferred Entity Instance: bin8_to_bcd:U_R_BCD|lpm_divide:Mod0
 15. Port Connectivity Checks: "ALU:U_ALU"
 16. Elapsed Time Per Partition
 17. Analysis & Synthesis Messages



----------------
; Legal Notice ;
----------------
Copyright (C) 1991-2013 Altera Corporation
Your use of Altera Corporation's design tools, logic functions 
and other software and tools, and its AMPP partner logic 
functions, and any output files from any of the foregoing 
(including device programming or simulation files), and any 
associated documentation or information are expressly subject 
to the terms and conditions of the Altera Program License 
Subscription Agreement, Altera MegaCore Function License 
Agreement, or other applicable license agreement, including, 
without limitation, that your use is for the sole purpose of 
programming logic devices manufactured by Altera and sold by 
Altera or its authorized distributors.  Please refer to the 
applicable agreement for further details.



+---------------------------------------------------------------------------------+
; Analysis & Synthesis Summary                                                    ;
+------------------------------------+--------------------------------------------+
; Analysis & Synthesis Status        ; Successful - Wed Dec 03 16:59:29 2025      ;
; Quartus II 64-Bit Version          ; 13.1.0 Build 162 10/23/2013 SJ Web Edition ;
; Revision Name                      ; ALU                                        ;
; Top-level Entity Name              ; TOP_ALU                                    ;
; Family                             ; Cyclone III                                ;
; Total logic elements               ; 1,308                                      ;
;     Total combinational functions  ; 1,292                                      ;
;     Dedicated logic registers      ; 16                                         ;
; Total registers                    ; 16                                         ;
; Total pins                         ; 43                                         ;
; Total virtual pins                 ; 0                                          ;
; Total memory bits                  ; 0                                          ;
; Embedded Multiplier 9-bit elements ; 0                                          ;
; Total PLLs                         ; 0                                          ;
+------------------------------------+--------------------------------------------+


+----------------------------------------------------------------------------------------------------------------------+
; Analysis & Synthesis Settings                                                                                        ;
+----------------------------------------------------------------------------+--------------------+--------------------+
; Option                                                                     ; Setting            ; Default Value      ;
+----------------------------------------------------------------------------+--------------------+--------------------+
; Device                                                                     ; EP3C16F484C6       ;                    ;
; Top-level entity name                                                      ; TOP_ALU            ; ALU                ;
; Family name                                                                ; Cyclone III        ; Cyclone IV GX      ;
; Use smart compilation                                                      ; Off                ; Off                ;
; Enable parallel Assembler and TimeQuest Timing Analyzer during compilation ; On                 ; On                 ;
; Enable compact report table                                                ; Off                ; Off                ;
; Restructure Multiplexers                                                   ; Auto               ; Auto               ;
; Create Debugging Nodes for IP Cores                                        ; Off                ; Off                ;
; Preserve fewer node names                                                  ; On                 ; On                 ;
; Disable OpenCore Plus hardware evaluation                                  ; Off                ; Off                ;
; Verilog Version                                                            ; Verilog_2001       ; Verilog_2001       ;
; VHDL Version                                                               ; VHDL_1993          ; VHDL_1993          ;
; State Machine Processing                                                   ; Auto               ; Auto               ;
; Safe State Machine                                                         ; Off                ; Off                ;
; Extract Verilog State Machines                                             ; On                 ; On                 ;
; Extract VHDL State Machines                                                ; On                 ; On                 ;
; Ignore Verilog initial constructs                                          ; Off                ; Off                ;
; Iteration limit for constant Verilog loops                                 ; 5000               ; 5000               ;
; Iteration limit for non-constant Verilog loops                             ; 250                ; 250                ;
; Add Pass-Through Logic to Inferred RAMs                                    ; On                 ; On                 ;
; Infer RAMs from Raw Logic                                                  ; On                 ; On                 ;
; Parallel Synthesis                                                         ; On                 ; On                 ;
; DSP Block Balancing                                                        ; Auto               ; Auto               ;
; NOT Gate Push-Back                                                         ; On                 ; On                 ;
; Power-Up Don't Care                                                        ; On                 ; On                 ;
; Remove Redundant Logic Cells                                               ; Off                ; Off                ;
; Remove Duplicate Registers                                                 ; On                 ; On                 ;
; Ignore CARRY Buffers                                                       ; Off                ; Off                ;
; Ignore CASCADE Buffers                                                     ; Off                ; Off                ;
; Ignore GLOBAL Buffers                                                      ; Off                ; Off                ;
; Ignore ROW GLOBAL Buffers                                                  ; Off                ; Off                ;
; Ignore LCELL Buffers                                                       ; Off                ; Off                ;
; Ignore SOFT Buffers                                                        ; On                 ; On                 ;
; Limit AHDL Integers to 32 Bits                                             ; Off                ; Off                ;
; Optimization Technique                                                     ; Balanced           ; Balanced           ;
; Carry Chain Length                                                         ; 70                 ; 70                 ;
; Auto Carry Chains                                                          ; On                 ; On                 ;
; Auto Open-Drain Pins                                                       ; On                 ; On                 ;
; Perform WYSIWYG Primitive Resynthesis                                      ; Off                ; Off                ;
; Auto ROM Replacement                                                       ; On                 ; On                 ;
; Auto RAM Replacement                                                       ; On                 ; On                 ;
; Auto DSP Block Replacement                                                 ; On                 ; On                 ;
; Auto Shift Register Replacement                                            ; Auto               ; Auto               ;
; Allow Shift Register Merging across Hierarchies                            ; Auto               ; Auto               ;
; Auto Clock Enable Replacement                                              ; On                 ; On                 ;
; Strict RAM Replacement                                                     ; Off                ; Off                ;
; Allow Synchronous Control Signals                                          ; On                 ; On                 ;
; Force Use of Synchronous Clear Signals                                     ; Off                ; Off                ;
; Auto RAM Block Balancing                                                   ; On                 ; On                 ;
; Auto RAM to Logic Cell Conversion                                          ; Off                ; Off                ;
; Auto Resource Sharing                                                      ; Off                ; Off                ;
; Allow Any RAM Size For Recognition                                         ; Off                ; Off                ;
; Allow Any ROM Size For Recognition                                         ; Off                ; Off                ;
; Allow Any Shift Register Size For Recognition                              ; Off                ; Off                ;
; Use LogicLock Constraints during Resource Balancing                        ; On                 ; On                 ;
; Ignore translate_off and synthesis_off directives                          ; Off                ; Off                ;
; Timing-Driven Synthesis                                                    ; On                 ; On                 ;
; Report Parameter Settings                                                  ; On                 ; On                 ;
; Report Source Assignments                                                  ; On                 ; On                 ;
; Report Connectivity Checks                                                 ; On                 ; On                 ;
; Ignore Maximum Fan-Out Assignments                                         ; Off                ; Off                ;
; Synchronization Register Chain Length                                      ; 2                  ; 2                  ;
; PowerPlay Power Optimization                                               ; Normal compilation ; Normal compilation ;
; HDL message level                                                          ; Level2             ; Level2             ;
; Suppress Register Optimization Related Messages                            ; Off                ; Off                ;
; Number of Removed Registers Reported in Synthesis Report                   ; 5000               ; 5000               ;
; Number of Swept Nodes Reported in Synthesis Report                         ; 5000               ; 5000               ;
; Number of Inverted Registers Reported in Synthesis Report                  ; 100                ; 100                ;
; Clock MUX Protection                                                       ; On                 ; On                 ;
; Auto Gated Clock Conversion                                                ; Off                ; Off                ;
; Block Design Naming                                                        ; Auto               ; Auto               ;
; SDC constraint protection                                                  ; Off                ; Off                ;
; Synthesis Effort                                                           ; Auto               ; Auto               ;
; Shift Register Replacement - Allow Asynchronous Clear Signal               ; On                 ; On                 ;
; Pre-Mapping Resynthesis Optimization                                       ; Off                ; Off                ;
; Analysis & Synthesis Message Level                                         ; Medium             ; Medium             ;
; Disable Register Merging Across Hierarchies                                ; Auto               ; Auto               ;
; Resource Aware Inference For Block RAM                                     ; On                 ; On                 ;
; Synthesis Seed                                                             ; 1                  ; 1                  ;
+----------------------------------------------------------------------------+--------------------+--------------------+


+------------------------------------------+
; Parallel Compilation                     ;
+----------------------------+-------------+
; Processors                 ; Number      ;
+----------------------------+-------------+
; Number detected on machine ; 12          ;
; Maximum allowed            ; 8           ;
;                            ;             ;
; Average used               ; 1.00        ;
; Maximum used               ; 1           ;
;                            ;             ;
; Usage by Processor         ; % Time Used ;
;     Processor 1            ; 100.0%      ;
;     Processors 2-12        ;   0.0%      ;
+----------------------------+-------------+


+------------------------------------------------------------------------------------------------------------------------------------------------------------------+
; Analysis & Synthesis Source Files Read                                                                                                                           ;
+----------------------------------+-----------------+------------------------------+--------------------------------------------------------------------+---------+
; File Name with User-Entered Path ; Used in Netlist ; File Type                    ; File Name with Absolute Path                                       ; Library ;
+----------------------------------+-----------------+------------------------------+--------------------------------------------------------------------+---------+
; ALU.vhd                          ; yes             ; User VHDL File               ; C:/altera/13.1/VHDL/ALU_FINAL/ALU/ALU.vhd                          ;         ;
; TOP_ALU.vhd                      ; yes             ; User VHDL File               ; C:/altera/13.1/VHDL/ALU_FINAL/ALU/TOP_ALU.vhd                      ;         ;
; bin8_to_bcd.vhd                  ; yes             ; User VHDL File               ; C:/altera/13.1/VHDL/ALU_FINAL/ALU/bin8_to_bcd.vhd                  ;         ;
; bcd_to_7seg.vhd                  ; yes             ; User VHDL File               ; C:/altera/13.1/VHDL/ALU_FINAL/ALU/bcd_to_7seg.vhd                  ;         ;
; lpm_divide.tdf                   ; yes             ; Megafunction                 ; c:/altera/13.1/quartus/libraries/megafunctions/lpm_divide.tdf      ;         ;
; abs_divider.inc                  ; yes             ; Megafunction                 ; c:/altera/13.1/quartus/libraries/megafunctions/abs_divider.inc     ;         ;
; sign_div_unsign.inc              ; yes             ; Megafunction                 ; c:/altera/13.1/quartus/libraries/megafunctions/sign_div_unsign.inc ;         ;
; aglobal131.inc                   ; yes             ; Megafunction                 ; c:/altera/13.1/quartus/libraries/megafunctions/aglobal131.inc      ;         ;
; db/lpm_divide_gvo.tdf            ; yes             ; Auto-Generated Megafunction  ; C:/altera/13.1/VHDL/ALU_FINAL/ALU/db/lpm_divide_gvo.tdf            ;         ;
; db/abs_divider_kbg.tdf           ; yes             ; Auto-Generated Megafunction  ; C:/altera/13.1/VHDL/ALU_FINAL/ALU/db/abs_divider_kbg.tdf           ;         ;
; db/alt_u_div_t5f.tdf             ; yes             ; Auto-Generated Megafunction  ; C:/altera/13.1/VHDL/ALU_FINAL/ALU/db/alt_u_div_t5f.tdf             ;         ;
; db/add_sub_unc.tdf               ; yes             ; Auto-Generated Megafunction  ; C:/altera/13.1/VHDL/ALU_FINAL/ALU/db/add_sub_unc.tdf               ;         ;
; db/add_sub_vnc.tdf               ; yes             ; Auto-Generated Megafunction  ; C:/altera/13.1/VHDL/ALU_FINAL/ALU/db/add_sub_vnc.tdf               ;         ;
; db/lpm_abs_pt9.tdf               ; yes             ; Auto-Generated Megafunction  ; C:/altera/13.1/VHDL/ALU_FINAL/ALU/db/lpm_abs_pt9.tdf               ;         ;
; db/lpm_abs_9v9.tdf               ; yes             ; Auto-Generated Megafunction  ; C:/altera/13.1/VHDL/ALU_FINAL/ALU/db/lpm_abs_9v9.tdf               ;         ;
; db/lpm_divide_3po.tdf            ; yes             ; Auto-Generated Megafunction  ; C:/altera/13.1/VHDL/ALU_FINAL/ALU/db/lpm_divide_3po.tdf            ;         ;
; db/abs_divider_4dg.tdf           ; yes             ; Auto-Generated Megafunction  ; C:/altera/13.1/VHDL/ALU_FINAL/ALU/db/abs_divider_4dg.tdf           ;         ;
; db/alt_u_div_t8f.tdf             ; yes             ; Auto-Generated Megafunction  ; C:/altera/13.1/VHDL/ALU_FINAL/ALU/db/alt_u_div_t8f.tdf             ;         ;
+----------------------------------+-----------------+------------------------------+--------------------------------------------------------------------+---------+


+--------------------------------------------------------------------------------------------------------------------------------------------------------------------------------------------+
; Analysis & Synthesis Resource Usage Summary                                                                                                                                                ;
+---------------------------------------------+----------------------------------------------------------------------------------------------------------------------------------------------+
; Resource                                    ; Usage                                                                                                                                        ;
+---------------------------------------------+----------------------------------------------------------------------------------------------------------------------------------------------+
; Estimated Total logic elements              ; 1,308                                                                                                                                        ;
;                                             ;                                                                                                                                              ;
; Total combinational functions               ; 1292                                                                                                                                         ;
; Logic element usage by number of LUT inputs ;                                                                                                                                              ;
;     -- 4 input functions                    ; 246                                                                                                                                          ;
;     -- 3 input functions                    ; 488                                                                                                                                          ;
;     -- <=2 input functions                  ; 558                                                                                                                                          ;
;                                             ;                                                                                                                                              ;
; Logic elements by mode                      ;                                                                                                                                              ;
;     -- normal mode                          ; 774                                                                                                                                          ;
;     -- arithmetic mode                      ; 518                                                                                                                                          ;
;                                             ;                                                                                                                                              ;
; Total registers                             ; 16                                                                                                                                           ;
;     -- Dedicated logic registers            ; 16                                                                                                                                           ;
;     -- I/O registers                        ; 0                                                                                                                                            ;
;                                             ;                                                                                                                                              ;
; I/O pins                                    ; 43                                                                                                                                           ;
; Embedded Multiplier 9-bit elements          ; 0                                                                                                                                            ;
; Maximum fan-out node                        ; bin8_to_bcd:U_A_BCD|lpm_divide:Mod0|lpm_divide_3po:auto_generated|abs_divider_4dg:divider|alt_u_div_t8f:divider|add_sub_29_result_int[30]~58 ;
; Maximum fan-out                             ; 89                                                                                                                                           ;
; Total fan-out                               ; 3547                                                                                                                                         ;
; Average fan-out                             ; 2.54                                                                                                                                         ;
+---------------------------------------------+----------------------------------------------------------------------------------------------------------------------------------------------+


+------------------------------------------------------------------------------------------------------------------------------------------------------------------------------------------------------------------------------------------------------------------------------------------------+
; Analysis & Synthesis Resource Utilization by Entity                                                                                                                                                                                                                                            ;
+------------------------------------------+-------------------+--------------+-------------+--------------+---------+-----------+------+--------------+--------------------------------------------------------------------------------------------------------------------------+--------------+
; Compilation Hierarchy Node               ; LC Combinationals ; LC Registers ; Memory Bits ; DSP Elements ; DSP 9x9 ; DSP 18x18 ; Pins ; Virtual Pins ; Full Hierarchy Name                                                                                                      ; Library Name ;
+------------------------------------------+-------------------+--------------+-------------+--------------+---------+-----------+------+--------------+--------------------------------------------------------------------------------------------------------------------------+--------------+
; |TOP_ALU                                 ; 1292 (15)         ; 16 (16)      ; 0           ; 0            ; 0       ; 0         ; 43   ; 0            ; |TOP_ALU                                                                                                                 ; work         ;
;    |ALU:U_ALU|                           ; 13 (13)           ; 0 (0)        ; 0           ; 0            ; 0       ; 0         ; 0    ; 0            ; |TOP_ALU|ALU:U_ALU                                                                                                       ; work         ;
;    |bcd_to_7seg:U_AHI|                   ; 7 (7)             ; 0 (0)        ; 0           ; 0            ; 0       ; 0         ; 0    ; 0            ; |TOP_ALU|bcd_to_7seg:U_AHI                                                                                               ; work         ;
;    |bcd_to_7seg:U_ALO|                   ; 7 (7)             ; 0 (0)        ; 0           ; 0            ; 0       ; 0         ; 0    ; 0            ; |TOP_ALU|bcd_to_7seg:U_ALO                                                                                               ; work         ;
;    |bcd_to_7seg:U_BHI|                   ; 7 (7)             ; 0 (0)        ; 0           ; 0            ; 0       ; 0         ; 0    ; 0            ; |TOP_ALU|bcd_to_7seg:U_BHI                                                                                               ; work         ;
;    |bcd_to_7seg:U_BLO|                   ; 7 (7)             ; 0 (0)        ; 0           ; 0            ; 0       ; 0         ; 0    ; 0            ; |TOP_ALU|bcd_to_7seg:U_BLO                                                                                               ; work         ;
;    |bin8_to_bcd:U_A_BCD|                 ; 414 (0)           ; 0 (0)        ; 0           ; 0            ; 0       ; 0         ; 0    ; 0            ; |TOP_ALU|bin8_to_bcd:U_A_BCD                                                                                             ; work         ;
;       |lpm_divide:Div0|                  ; 69 (0)            ; 0 (0)        ; 0           ; 0            ; 0       ; 0         ; 0    ; 0            ; |TOP_ALU|bin8_to_bcd:U_A_BCD|lpm_divide:Div0                                                                             ; work         ;
;          |lpm_divide_gvo:auto_generated| ; 69 (0)            ; 0 (0)        ; 0           ; 0            ; 0       ; 0         ; 0    ; 0            ; |TOP_ALU|bin8_to_bcd:U_A_BCD|lpm_divide:Div0|lpm_divide_gvo:auto_generated                                               ; work         ;
;             |abs_divider_kbg:divider|    ; 69 (0)            ; 0 (0)        ; 0           ; 0            ; 0       ; 0         ; 0    ; 0            ; |TOP_ALU|bin8_to_bcd:U_A_BCD|lpm_divide:Div0|lpm_divide_gvo:auto_generated|abs_divider_kbg:divider                       ; work         ;
;                |alt_u_div_t5f:divider|   ; 69 (69)           ; 0 (0)        ; 0           ; 0            ; 0       ; 0         ; 0    ; 0            ; |TOP_ALU|bin8_to_bcd:U_A_BCD|lpm_divide:Div0|lpm_divide_gvo:auto_generated|abs_divider_kbg:divider|alt_u_div_t5f:divider ; work         ;
;       |lpm_divide:Mod0|                  ; 345 (0)           ; 0 (0)        ; 0           ; 0            ; 0       ; 0         ; 0    ; 0            ; |TOP_ALU|bin8_to_bcd:U_A_BCD|lpm_divide:Mod0                                                                             ; work         ;
;          |lpm_divide_3po:auto_generated| ; 345 (0)           ; 0 (0)        ; 0           ; 0            ; 0       ; 0         ; 0    ; 0            ; |TOP_ALU|bin8_to_bcd:U_A_BCD|lpm_divide:Mod0|lpm_divide_3po:auto_generated                                               ; work         ;
;             |abs_divider_4dg:divider|    ; 345 (0)           ; 0 (0)        ; 0           ; 0            ; 0       ; 0         ; 0    ; 0            ; |TOP_ALU|bin8_to_bcd:U_A_BCD|lpm_divide:Mod0|lpm_divide_3po:auto_generated|abs_divider_4dg:divider                       ; work         ;
;                |alt_u_div_t8f:divider|   ; 345 (345)         ; 0 (0)        ; 0           ; 0            ; 0       ; 0         ; 0    ; 0            ; |TOP_ALU|bin8_to_bcd:U_A_BCD|lpm_divide:Mod0|lpm_divide_3po:auto_generated|abs_divider_4dg:divider|alt_u_div_t8f:divider ; work         ;
;    |bin8_to_bcd:U_B_BCD|                 ; 411 (0)           ; 0 (0)        ; 0           ; 0            ; 0       ; 0         ; 0    ; 0            ; |TOP_ALU|bin8_to_bcd:U_B_BCD                                                                                             ; work         ;
;       |lpm_divide:Div0|                  ; 69 (0)            ; 0 (0)        ; 0           ; 0            ; 0       ; 0         ; 0    ; 0            ; |TOP_ALU|bin8_to_bcd:U_B_BCD|lpm_divide:Div0                                                                             ; work         ;
;          |lpm_divide_gvo:auto_generated| ; 69 (0)            ; 0 (0)        ; 0           ; 0            ; 0       ; 0         ; 0    ; 0            ; |TOP_ALU|bin8_to_bcd:U_B_BCD|lpm_divide:Div0|lpm_divide_gvo:auto_generated                                               ; work         ;
;             |abs_divider_kbg:divider|    ; 69 (0)            ; 0 (0)        ; 0           ; 0            ; 0       ; 0         ; 0    ; 0            ; |TOP_ALU|bin8_to_bcd:U_B_BCD|lpm_divide:Div0|lpm_divide_gvo:auto_generated|abs_divider_kbg:divider                       ; work         ;
;                |alt_u_div_t5f:divider|   ; 69 (69)           ; 0 (0)        ; 0           ; 0            ; 0       ; 0         ; 0    ; 0            ; |TOP_ALU|bin8_to_bcd:U_B_BCD|lpm_divide:Div0|lpm_divide_gvo:auto_generated|abs_divider_kbg:divider|alt_u_div_t5f:divider ; work         ;
;       |lpm_divide:Mod0|                  ; 342 (0)           ; 0 (0)        ; 0           ; 0            ; 0       ; 0         ; 0    ; 0            ; |TOP_ALU|bin8_to_bcd:U_B_BCD|lpm_divide:Mod0                                                                             ; work         ;
;          |lpm_divide_3po:auto_generated| ; 342 (0)           ; 0 (0)        ; 0           ; 0            ; 0       ; 0         ; 0    ; 0            ; |TOP_ALU|bin8_to_bcd:U_B_BCD|lpm_divide:Mod0|lpm_divide_3po:auto_generated                                               ; work         ;
;             |abs_divider_4dg:divider|    ; 342 (0)           ; 0 (0)        ; 0           ; 0            ; 0       ; 0         ; 0    ; 0            ; |TOP_ALU|bin8_to_bcd:U_B_BCD|lpm_divide:Mod0|lpm_divide_3po:auto_generated|abs_divider_4dg:divider                       ; work         ;
;                |alt_u_div_t8f:divider|   ; 342 (342)         ; 0 (0)        ; 0           ; 0            ; 0       ; 0         ; 0    ; 0            ; |TOP_ALU|bin8_to_bcd:U_B_BCD|lpm_divide:Mod0|lpm_divide_3po:auto_generated|abs_divider_4dg:divider|alt_u_div_t8f:divider ; work         ;
;    |bin8_to_bcd:U_R_BCD|                 ; 411 (0)           ; 0 (0)        ; 0           ; 0            ; 0       ; 0         ; 0    ; 0            ; |TOP_ALU|bin8_to_bcd:U_R_BCD                                                                                             ; work         ;
;       |lpm_divide:Div0|                  ; 69 (0)            ; 0 (0)        ; 0           ; 0            ; 0       ; 0         ; 0    ; 0            ; |TOP_ALU|bin8_to_bcd:U_R_BCD|lpm_divide:Div0                                                                             ; work         ;
;          |lpm_divide_gvo:auto_generated| ; 69 (0)            ; 0 (0)        ; 0           ; 0            ; 0       ; 0         ; 0    ; 0            ; |TOP_ALU|bin8_to_bcd:U_R_BCD|lpm_divide:Div0|lpm_divide_gvo:auto_generated                                               ; work         ;
;             |abs_divider_kbg:divider|    ; 69 (0)            ; 0 (0)        ; 0           ; 0            ; 0       ; 0         ; 0    ; 0            ; |TOP_ALU|bin8_to_bcd:U_R_BCD|lpm_divide:Div0|lpm_divide_gvo:auto_generated|abs_divider_kbg:divider                       ; work         ;
;                |alt_u_div_t5f:divider|   ; 69 (69)           ; 0 (0)        ; 0           ; 0            ; 0       ; 0         ; 0    ; 0            ; |TOP_ALU|bin8_to_bcd:U_R_BCD|lpm_divide:Div0|lpm_divide_gvo:auto_generated|abs_divider_kbg:divider|alt_u_div_t5f:divider ; work         ;
;       |lpm_divide:Mod0|                  ; 342 (0)           ; 0 (0)        ; 0           ; 0            ; 0       ; 0         ; 0    ; 0            ; |TOP_ALU|bin8_to_bcd:U_R_BCD|lpm_divide:Mod0                                                                             ; work         ;
;          |lpm_divide_3po:auto_generated| ; 342 (0)           ; 0 (0)        ; 0           ; 0            ; 0       ; 0         ; 0    ; 0            ; |TOP_ALU|bin8_to_bcd:U_R_BCD|lpm_divide:Mod0|lpm_divide_3po:auto_generated                                               ; work         ;
;             |abs_divider_4dg:divider|    ; 342 (0)           ; 0 (0)        ; 0           ; 0            ; 0       ; 0         ; 0    ; 0            ; |TOP_ALU|bin8_to_bcd:U_R_BCD|lpm_divide:Mod0|lpm_divide_3po:auto_generated|abs_divider_4dg:divider                       ; work         ;
;                |alt_u_div_t8f:divider|   ; 342 (342)         ; 0 (0)        ; 0           ; 0            ; 0       ; 0         ; 0    ; 0            ; |TOP_ALU|bin8_to_bcd:U_R_BCD|lpm_divide:Mod0|lpm_divide_3po:auto_generated|abs_divider_4dg:divider|alt_u_div_t8f:divider ; work         ;
+------------------------------------------+-------------------+--------------+-------------+--------------+---------+-----------+------+--------------+--------------------------------------------------------------------------------------------------------------------------+--------------+
Note: For table entries with two numbers listed, the numbers in parentheses indicate the number of resources of the given type used by the specific entity alone. The numbers listed outside of parentheses indicate the total resources of the given type used by the specific entity and all of its sub-entities in the hierarchy.


+------------------------------------------------------+
; General Register Statistics                          ;
+----------------------------------------------+-------+
; Statistic                                    ; Value ;
+----------------------------------------------+-------+
; Total registers                              ; 16    ;
; Number of registers using Synchronous Clear  ; 0     ;
; Number of registers using Synchronous Load   ; 0     ;
; Number of registers using Asynchronous Clear ; 0     ;
; Number of registers using Asynchronous Load  ; 0     ;
; Number of registers using Clock Enable       ; 16    ;
; Number of registers using Preset             ; 0     ;
+----------------------------------------------+-------+


+--------------------------------------------------------------------------------------+
; Parameter Settings for Inferred Entity Instance: bin8_to_bcd:U_A_BCD|lpm_divide:Div0 ;
+------------------------+----------------+--------------------------------------------+
; Parameter Name         ; Value          ; Type                                       ;
+------------------------+----------------+--------------------------------------------+
; LPM_WIDTHN             ; 32             ; Untyped                                    ;
; LPM_WIDTHD             ; 5              ; Untyped                                    ;
; LPM_NREPRESENTATION    ; SIGNED         ; Untyped                                    ;
; LPM_DREPRESENTATION    ; SIGNED         ; Untyped                                    ;
; LPM_PIPELINE           ; 0              ; Untyped                                    ;
; LPM_REMAINDERPOSITIVE  ; FALSE          ; Untyped                                    ;
; MAXIMIZE_SPEED         ; 5              ; Untyped                                    ;
; CBXI_PARAMETER         ; lpm_divide_gvo ; Untyped                                    ;
; CARRY_CHAIN            ; MANUAL         ; Untyped                                    ;
; OPTIMIZE_FOR_SPEED     ; 5              ; Untyped                                    ;
; AUTO_CARRY_CHAINS      ; ON             ; AUTO_CARRY                                 ;
; IGNORE_CARRY_BUFFERS   ; OFF            ; IGNORE_CARRY                               ;
; AUTO_CASCADE_CHAINS    ; ON             ; AUTO_CASCADE                               ;
; IGNORE_CASCADE_BUFFERS ; OFF            ; IGNORE_CASCADE                             ;
+------------------------+----------------+--------------------------------------------+
Note: In order to hide this table in the UI and the text report file, please set the "Show Parameter Settings in Synthesis Report" option in "Analysis and Synthesis Settings -> More Settings" to "Off".


+--------------------------------------------------------------------------------------+
; Parameter Settings for Inferred Entity Instance: bin8_to_bcd:U_A_BCD|lpm_divide:Mod0 ;
+------------------------+----------------+--------------------------------------------+
; Parameter Name         ; Value          ; Type                                       ;
+------------------------+----------------+--------------------------------------------+
; LPM_WIDTHN             ; 32             ; Untyped                                    ;
; LPM_WIDTHD             ; 32             ; Untyped                                    ;
; LPM_NREPRESENTATION    ; SIGNED         ; Untyped                                    ;
; LPM_DREPRESENTATION    ; SIGNED         ; Untyped                                    ;
; LPM_PIPELINE           ; 0              ; Untyped                                    ;
; LPM_REMAINDERPOSITIVE  ; FALSE          ; Untyped                                    ;
; MAXIMIZE_SPEED         ; 5              ; Untyped                                    ;
; CBXI_PARAMETER         ; lpm_divide_3po ; Untyped                                    ;
; CARRY_CHAIN            ; MANUAL         ; Untyped                                    ;
; OPTIMIZE_FOR_SPEED     ; 5              ; Untyped                                    ;
; AUTO_CARRY_CHAINS      ; ON             ; AUTO_CARRY                                 ;
; IGNORE_CARRY_BUFFERS   ; OFF            ; IGNORE_CARRY                               ;
; AUTO_CASCADE_CHAINS    ; ON             ; AUTO_CASCADE                               ;
; IGNORE_CASCADE_BUFFERS ; OFF            ; IGNORE_CASCADE                             ;
+------------------------+----------------+--------------------------------------------+
Note: In order to hide this table in the UI and the text report file, please set the "Show Parameter Settings in Synthesis Report" option in "Analysis and Synthesis Settings -> More Settings" to "Off".


+--------------------------------------------------------------------------------------+
; Parameter Settings for Inferred Entity Instance: bin8_to_bcd:U_B_BCD|lpm_divide:Div0 ;
+------------------------+----------------+--------------------------------------------+
; Parameter Name         ; Value          ; Type                                       ;
+------------------------+----------------+--------------------------------------------+
; LPM_WIDTHN             ; 32             ; Untyped                                    ;
; LPM_WIDTHD             ; 5              ; Untyped                                    ;
; LPM_NREPRESENTATION    ; SIGNED         ; Untyped                                    ;
; LPM_DREPRESENTATION    ; SIGNED         ; Untyped                                    ;
; LPM_PIPELINE           ; 0              ; Untyped                                    ;
; LPM_REMAINDERPOSITIVE  ; FALSE          ; Untyped                                    ;
; MAXIMIZE_SPEED         ; 5              ; Untyped                                    ;
; CBXI_PARAMETER         ; lpm_divide_gvo ; Untyped                                    ;
; CARRY_CHAIN            ; MANUAL         ; Untyped                                    ;
; OPTIMIZE_FOR_SPEED     ; 5              ; Untyped                                    ;
; AUTO_CARRY_CHAINS      ; ON             ; AUTO_CARRY                                 ;
; IGNORE_CARRY_BUFFERS   ; OFF            ; IGNORE_CARRY                               ;
; AUTO_CASCADE_CHAINS    ; ON             ; AUTO_CASCADE                               ;
; IGNORE_CASCADE_BUFFERS ; OFF            ; IGNORE_CASCADE                             ;
+------------------------+----------------+--------------------------------------------+
Note: In order to hide this table in the UI and the text report file, please set the "Show Parameter Settings in Synthesis Report" option in "Analysis and Synthesis Settings -> More Settings" to "Off".


+--------------------------------------------------------------------------------------+
; Parameter Settings for Inferred Entity Instance: bin8_to_bcd:U_R_BCD|lpm_divide:Div0 ;
+------------------------+----------------+--------------------------------------------+
; Parameter Name         ; Value          ; Type                                       ;
+------------------------+----------------+--------------------------------------------+
; LPM_WIDTHN             ; 32             ; Untyped                                    ;
; LPM_WIDTHD             ; 5              ; Untyped                                    ;
; LPM_NREPRESENTATION    ; SIGNED         ; Untyped                                    ;
; LPM_DREPRESENTATION    ; SIGNED         ; Untyped                                    ;
; LPM_PIPELINE           ; 0              ; Untyped                                    ;
; LPM_REMAINDERPOSITIVE  ; FALSE          ; Untyped                                    ;
; MAXIMIZE_SPEED         ; 5              ; Untyped                                    ;
; CBXI_PARAMETER         ; lpm_divide_gvo ; Untyped                                    ;
; CARRY_CHAIN            ; MANUAL         ; Untyped                                    ;
; OPTIMIZE_FOR_SPEED     ; 5              ; Untyped                                    ;
; AUTO_CARRY_CHAINS      ; ON             ; AUTO_CARRY                                 ;
; IGNORE_CARRY_BUFFERS   ; OFF            ; IGNORE_CARRY                               ;
; AUTO_CASCADE_CHAINS    ; ON             ; AUTO_CASCADE                               ;
; IGNORE_CASCADE_BUFFERS ; OFF            ; IGNORE_CASCADE                             ;
+------------------------+----------------+--------------------------------------------+
Note: In order to hide this table in the UI and the text report file, please set the "Show Parameter Settings in Synthesis Report" option in "Analysis and Synthesis Settings -> More Settings" to "Off".


+--------------------------------------------------------------------------------------+
; Parameter Settings for Inferred Entity Instance: bin8_to_bcd:U_B_BCD|lpm_divide:Mod0 ;
+------------------------+----------------+--------------------------------------------+
; Parameter Name         ; Value          ; Type                                       ;
+------------------------+----------------+--------------------------------------------+
; LPM_WIDTHN             ; 32             ; Untyped                                    ;
; LPM_WIDTHD             ; 32             ; Untyped                                    ;
; LPM_NREPRESENTATION    ; SIGNED         ; Untyped                                    ;
; LPM_DREPRESENTATION    ; SIGNED         ; Untyped                                    ;
; LPM_PIPELINE           ; 0              ; Untyped                                    ;
; LPM_REMAINDERPOSITIVE  ; FALSE          ; Untyped                                    ;
; MAXIMIZE_SPEED         ; 5              ; Untyped                                    ;
; CBXI_PARAMETER         ; lpm_divide_3po ; Untyped                                    ;
; CARRY_CHAIN            ; MANUAL         ; Untyped                                    ;
; OPTIMIZE_FOR_SPEED     ; 5              ; Untyped                                    ;
; AUTO_CARRY_CHAINS      ; ON             ; AUTO_CARRY                                 ;
; IGNORE_CARRY_BUFFERS   ; OFF            ; IGNORE_CARRY                               ;
; AUTO_CASCADE_CHAINS    ; ON             ; AUTO_CASCADE                               ;
; IGNORE_CASCADE_BUFFERS ; OFF            ; IGNORE_CASCADE                             ;
+------------------------+----------------+--------------------------------------------+
Note: In order to hide this table in the UI and the text report file, please set the "Show Parameter Settings in Synthesis Report" option in "Analysis and Synthesis Settings -> More Settings" to "Off".


+--------------------------------------------------------------------------------------+
; Parameter Settings for Inferred Entity Instance: bin8_to_bcd:U_R_BCD|lpm_divide:Mod0 ;
+------------------------+----------------+--------------------------------------------+
; Parameter Name         ; Value          ; Type                                       ;
+------------------------+----------------+--------------------------------------------+
; LPM_WIDTHN             ; 32             ; Untyped                                    ;
; LPM_WIDTHD             ; 32             ; Untyped                                    ;
; LPM_NREPRESENTATION    ; SIGNED         ; Untyped                                    ;
; LPM_DREPRESENTATION    ; SIGNED         ; Untyped                                    ;
; LPM_PIPELINE           ; 0              ; Untyped                                    ;
; LPM_REMAINDERPOSITIVE  ; FALSE          ; Untyped                                    ;
; MAXIMIZE_SPEED         ; 5              ; Untyped                                    ;
; CBXI_PARAMETER         ; lpm_divide_3po ; Untyped                                    ;
; CARRY_CHAIN            ; MANUAL         ; Untyped                                    ;
; OPTIMIZE_FOR_SPEED     ; 5              ; Untyped                                    ;
; AUTO_CARRY_CHAINS      ; ON             ; AUTO_CARRY                                 ;
; IGNORE_CARRY_BUFFERS   ; OFF            ; IGNORE_CARRY                               ;
; AUTO_CASCADE_CHAINS    ; ON             ; AUTO_CASCADE                               ;
; IGNORE_CASCADE_BUFFERS ; OFF            ; IGNORE_CASCADE                             ;
+------------------------+----------------+--------------------------------------------+
Note: In order to hide this table in the UI and the text report file, please set the "Show Parameter Settings in Synthesis Report" option in "Analysis and Synthesis Settings -> More Settings" to "Off".


+-------------------------------------------+
; Port Connectivity Checks: "ALU:U_ALU"     ;
+---------+-------+----------+--------------+
; Port    ; Type  ; Severity ; Details      ;
+---------+-------+----------+--------------+
; alu_sel ; Input ; Info     ; Stuck at GND ;
+---------+-------+----------+--------------+


+-------------------------------+
; Elapsed Time Per Partition    ;
+----------------+--------------+
; Partition Name ; Elapsed Time ;
+----------------+--------------+
; Top            ; 00:00:03     ;
+----------------+--------------+


+-------------------------------+
; Analysis & Synthesis Messages ;
+-------------------------------+
Info: *******************************************************************
Info: Running Quartus II 64-Bit Analysis & Synthesis
    Info: Version 13.1.0 Build 162 10/23/2013 SJ Web Edition
    Info: Processing started: Wed Dec 03 16:59:20 2025
Info: Command: quartus_map --read_settings_files=on --write_settings_files=off ALU -c ALU
Info (11104): Parallel Compilation has detected 12 hyper-threaded processors. However, the extra hyper-threaded processors will not be used by default. Parallel Compilation will use 8 of the 8 physical processors detected instead.
Info (12021): Found 2 design units, including 1 entities, in source file alu.vhd
    Info (12022): Found design unit 1: ALU-arch_ALU
    Info (12023): Found entity 1: ALU
Info (12021): Found 2 design units, including 1 entities, in source file top_alu.vhd
    Info (12022): Found design unit 1: TOP_ALU-rtl
    Info (12023): Found entity 1: TOP_ALU
Info (12021): Found 2 design units, including 1 entities, in source file bin8_to_bcd.vhd
    Info (12022): Found design unit 1: bin8_to_bcd-rtl
    Info (12023): Found entity 1: bin8_to_bcd
Info (12021): Found 2 design units, including 1 entities, in source file bcd_to_7seg.vhd
    Info (12022): Found design unit 1: bcd_to_7seg-rtl
    Info (12023): Found entity 1: bcd_to_7seg
Info (12127): Elaborating entity "TOP_ALU" for the top level hierarchy
Warning (10540): VHDL Signal Declaration warning at TOP_ALU.vhd(21): used explicit default value for signal "sel_ALU" because signal was never assigned a value
Info (12128): Elaborating entity "ALU" for hierarchy "ALU:U_ALU"
Warning (10631): VHDL Process Statement warning at ALU.vhd(18): inferring latch(es) for signal or variable "Result", which holds its previous value in one or more paths through the process
Warning (10631): VHDL Process Statement warning at ALU.vhd(18): inferring latch(es) for signal or variable "NZVC", which holds its previous value in one or more paths through the process
Info (10041): Inferred latch for "NZVC[0]" at ALU.vhd(18)
Info (10041): Inferred latch for "NZVC[1]" at ALU.vhd(18)
Info (10041): Inferred latch for "NZVC[2]" at ALU.vhd(18)
Info (10041): Inferred latch for "NZVC[3]" at ALU.vhd(18)
Info (10041): Inferred latch for "Result[0]" at ALU.vhd(18)
Info (10041): Inferred latch for "Result[1]" at ALU.vhd(18)
Info (10041): Inferred latch for "Result[2]" at ALU.vhd(18)
Info (10041): Inferred latch for "Result[3]" at ALU.vhd(18)
Info (10041): Inferred latch for "Result[4]" at ALU.vhd(18)
Info (10041): Inferred latch for "Result[5]" at ALU.vhd(18)
Info (10041): Inferred latch for "Result[6]" at ALU.vhd(18)
Info (10041): Inferred latch for "Result[7]" at ALU.vhd(18)
Info (12128): Elaborating entity "bin8_to_bcd" for hierarchy "bin8_to_bcd:U_A_BCD"
Info (12128): Elaborating entity "bcd_to_7seg" for hierarchy "bcd_to_7seg:U_AHI"
Warning (14026): LATCH primitive "ALU:U_ALU|NZVC[2]" is permanently enabled
Warning (14026): LATCH primitive "ALU:U_ALU|NZVC[1]" is permanently enabled
Warning (14026): LATCH primitive "ALU:U_ALU|NZVC[0]" is permanently enabled
Warning (14026): LATCH primitive "ALU:U_ALU|Result[0]" is permanently enabled
Warning (14026): LATCH primitive "ALU:U_ALU|Result[1]" is permanently enabled
Warning (14026): LATCH primitive "ALU:U_ALU|Result[2]" is permanently enabled
Warning (14026): LATCH primitive "ALU:U_ALU|Result[3]" is permanently enabled
Warning (14026): LATCH primitive "ALU:U_ALU|Result[4]" is permanently enabled
Warning (14026): LATCH primitive "ALU:U_ALU|Result[5]" is permanently enabled
Warning (14026): LATCH primitive "ALU:U_ALU|Result[6]" is permanently enabled
Warning (14026): LATCH primitive "ALU:U_ALU|Result[7]" is permanently enabled
Warning (14026): LATCH primitive "ALU:U_ALU|NZVC[3]" is permanently enabled
Warning (14026): LATCH primitive "ALU:U_ALU|NZVC[2]" is permanently enabled
Warning (14026): LATCH primitive "ALU:U_ALU|NZVC[1]" is permanently enabled
Warning (14026): LATCH primitive "ALU:U_ALU|NZVC[0]" is permanently enabled
Warning (14026): LATCH primitive "ALU:U_ALU|Result[0]" is permanently enabled
Warning (14026): LATCH primitive "ALU:U_ALU|Result[1]" is permanently enabled
Warning (14026): LATCH primitive "ALU:U_ALU|Result[2]" is permanently enabled
Warning (14026): LATCH primitive "ALU:U_ALU|Result[3]" is permanently enabled
Warning (14026): LATCH primitive "ALU:U_ALU|Result[4]" is permanently enabled
Warning (14026): LATCH primitive "ALU:U_ALU|Result[5]" is permanently enabled
Warning (14026): LATCH primitive "ALU:U_ALU|Result[6]" is permanently enabled
Warning (14026): LATCH primitive "ALU:U_ALU|Result[7]" is permanently enabled
Warning (14026): LATCH primitive "ALU:U_ALU|NZVC[3]" is permanently enabled
Info (278001): Inferred 6 megafunctions from design logic
    Info (278004): Inferred divider/modulo megafunction ("lpm_divide") from the following logic: "bin8_to_bcd:U_A_BCD|Div0"
    Info (278004): Inferred divider/modulo megafunction ("lpm_divide") from the following logic: "bin8_to_bcd:U_A_BCD|Mod0"
    Info (278004): Inferred divider/modulo megafunction ("lpm_divide") from the following logic: "bin8_to_bcd:U_B_BCD|Div0"
    Info (278004): Inferred divider/modulo megafunction ("lpm_divide") from the following logic: "bin8_to_bcd:U_R_BCD|Div0"
    Info (278004): Inferred divider/modulo megafunction ("lpm_divide") from the following logic: "bin8_to_bcd:U_B_BCD|Mod0"
    Info (278004): Inferred divider/modulo megafunction ("lpm_divide") from the following logic: "bin8_to_bcd:U_R_BCD|Mod0"
Info (12130): Elaborated megafunction instantiation "bin8_to_bcd:U_A_BCD|lpm_divide:Div0"
Info (12133): Instantiated megafunction "bin8_to_bcd:U_A_BCD|lpm_divide:Div0" with the following parameter:
    Info (12134): Parameter "LPM_WIDTHN" = "32"
    Info (12134): Parameter "LPM_WIDTHD" = "5"
    Info (12134): Parameter "LPM_NREPRESENTATION" = "SIGNED"
    Info (12134): Parameter "LPM_DREPRESENTATION" = "SIGNED"
    Info (12134): Parameter "LPM_HINT" = "LPM_REMAINDERPOSITIVE=FALSE"
Info (12021): Found 1 design units, including 1 entities, in source file db/lpm_divide_gvo.tdf
    Info (12023): Found entity 1: lpm_divide_gvo
Info (12021): Found 1 design units, including 1 entities, in source file db/abs_divider_kbg.tdf
    Info (12023): Found entity 1: abs_divider_kbg
Info (12021): Found 1 design units, including 1 entities, in source file db/alt_u_div_t5f.tdf
    Info (12023): Found entity 1: alt_u_div_t5f
Info (12021): Found 1 design units, including 1 entities, in source file db/add_sub_unc.tdf
    Info (12023): Found entity 1: add_sub_unc
Info (12021): Found 1 design units, including 1 entities, in source file db/add_sub_vnc.tdf
    Info (12023): Found entity 1: add_sub_vnc
Info (12021): Found 1 design units, including 1 entities, in source file db/lpm_abs_pt9.tdf
    Info (12023): Found entity 1: lpm_abs_pt9
Info (12021): Found 1 design units, including 1 entities, in source file db/lpm_abs_9v9.tdf
    Info (12023): Found entity 1: lpm_abs_9v9
Info (12130): Elaborated megafunction instantiation "bin8_to_bcd:U_A_BCD|lpm_divide:Mod0"
Info (12133): Instantiated megafunction "bin8_to_bcd:U_A_BCD|lpm_divide:Mod0" with the following parameter:
    Info (12134): Parameter "LPM_WIDTHN" = "32"
    Info (12134): Parameter "LPM_WIDTHD" = "32"
    Info (12134): Parameter "LPM_NREPRESENTATION" = "SIGNED"
    Info (12134): Parameter "LPM_DREPRESENTATION" = "SIGNED"
    Info (12134): Parameter "LPM_HINT" = "LPM_REMAINDERPOSITIVE=FALSE"
Info (12021): Found 1 design units, including 1 entities, in source file db/lpm_divide_3po.tdf
    Info (12023): Found entity 1: lpm_divide_3po
Info (12021): Found 1 design units, including 1 entities, in source file db/abs_divider_4dg.tdf
    Info (12023): Found entity 1: abs_divider_4dg
Info (12021): Found 1 design units, including 1 entities, in source file db/alt_u_div_t8f.tdf
    Info (12023): Found entity 1: alt_u_div_t8f
Info (286030): Timing-Driven Synthesis is running
Info (16010): Generating hard_block partition "hard_block:auto_generated_inst"
    Info (16011): Adding 0 node(s), including 0 DDIO, 0 PLL, 0 transceiver and 0 LCELL
Info (21057): Implemented 1351 device resources after synthesis - the final resource count might be different
    Info (21058): Implemented 11 input pins
    Info (21059): Implemented 32 output pins
    Info (21061): Implemented 1308 logic cells
Info: Quartus II 64-Bit Analysis & Synthesis was successful. 0 errors, 27 warnings
    Info: Peak virtual memory: 4755 megabytes
    Info: Processing ended: Wed Dec 03 16:59:29 2025
    Info: Elapsed time: 00:00:09
    Info: Total CPU time (on all processors): 00:00:04


